2023-12-15 17:28:24,267 INFO: 2023-12-15 17:28:24 开始登录
2023-12-15 17:28:24,877 INFO: 2023-12-15 17:28:24 进入二维码页面
2023-12-15 17:29:12,493 INFO: 2023-12-15 17:29:12 进入告知培训页面
2023-12-15 17:29:16,274 INFO: 2023-12-15 17:29:16 进入培训页面
2023-12-15 17:29:16,274 INFO: 2023-12-15 17:29:16 进入课程页面
2023-12-15 23:09:23,018 INFO: 2023-12-15 23:09:23 播放完成一个课程
2023-12-16 00:35:00,755 INFO: 2023-12-16 00:35:00 播放完成一个课程
2023-12-16 00:35:01,691 INFO: 2023-12-16 00:35:01 播放完成一个课程
2023-12-16 01:02:29,766 INFO: 2023-12-16 01:02:29 播放完成一个课程
2024-04-08 11:54:25,916 INFO: 点击知道了 2024-04-08 11:54:25
2024-04-08 11:54:26,999 INFO: 点击首页登录 2024-04-08 11:54:26
2024-04-08 11:54:27,135 INFO: 开始登录 2024-04-08 11:54:27
2024-04-08 11:54:27,174 INFO: 个人中心 2024-04-08 11:54:27
2024-04-08 11:54:31,706 INFO: 进行中 2024-04-08 11:54:31
2024-04-08 11:54:32,272 INFO: 查看详情 2024-04-08 11:54:32
2024-04-08 11:54:34,290 INFO: 10 2024-04-08 11:54:34
2024-04-08 11:54:38,136 INFO: 视频页面知道了 2024-04-08 11:54:38
2024-04-08 11:54:39,725 INFO: 获取课程列表 2024-04-08 11:54:39
2024-04-08 11:54:40,753 INFO: 立即学习按钮集合：15 2024-04-08 11:54:40
2024-04-08 11:54:40,753 INFO: 移除后的学习按钮集合：14 2024-04-08 11:54:40
2024-04-08 11:54:40,765 INFO:  2024-04-08 11:54:40
2024-04-08 11:54:40,776 INFO:  2024-04-08 11:54:40
2024-04-08 11:54:40,789 INFO:  2024-04-08 11:54:40
2024-04-08 11:54:40,800 INFO:  2024-04-08 11:54:40
2024-04-08 11:54:40,810 INFO:  2024-04-08 11:54:40
2024-04-08 11:54:40,822 INFO: 0% 2024-04-08 11:54:40
2024-04-08 11:54:40,834 INFO: 第5节 2024-04-08 11:54:40
2024-04-08 11:55:40,965 INFO: Message: no such window: target window already closed
from unknown error: web view not found
  (Session info: chrome=123.0.6312.106)
Stacktrace:
	GetHandleVerifier [0x00007FF7ED4970C2+63090]
	(No symbol) [0x00007FF7ED402D12]
	(No symbol) [0x00007FF7ED29EC65]
	(No symbol) [0x00007FF7ED27CA7C]
	(No symbol) [0x00007FF7ED30D687]
	(No symbol) [0x00007FF7ED322AC1]
	(No symbol) [0x00007FF7ED306D83]
	(No symbol) [0x00007FF7ED2D83A8]
	(No symbol) [0x00007FF7ED2D9441]
	GetHandleVerifier [0x00007FF7ED89262D+4238301]
	GetHandleVerifier [0x00007FF7ED8CF78D+4488509]
	GetHandleVerifier [0x00007FF7ED8C7A6F+4456479]
	GetHandleVerifier [0x00007FF7ED570606+953270]
	(No symbol) [0x00007FF7ED40E5DF]
	(No symbol) [0x00007FF7ED4092B4]
	(No symbol) [0x00007FF7ED4093EB]
	(No symbol) [0x00007FF7ED3F9C24]
	BaseThreadInitThunk [0x00007FFAEA1F257D+29]
	RtlUserThreadStart [0x00007FFAEC12AA58+40]
 2024-04-08 11:55:40
2024-04-08 14:07:57,587 INFO: 点击知道了
2024-04-08 14:07:58,672 INFO: 点击首页登录
2024-04-08 14:07:58,797 INFO: 开始登录
2024-04-08 14:07:58,833 INFO: 个人中心
2024-04-08 14:08:03,771 INFO: 进行中
2024-04-08 14:08:04,337 INFO: 查看详情
2024-04-08 14:08:06,353 INFO: 10
2024-04-08 14:08:06,353 INFO: name 'btn_details' is not defined
2024-04-08 14:20:36,834 INFO: 点击知道了
2024-04-08 14:20:37,916 INFO: 点击首页登录
2024-04-08 14:20:38,036 INFO: 开始登录
2024-04-08 14:20:38,072 INFO: 个人中心
2024-04-08 14:20:42,636 INFO: 进行中
2024-04-08 14:20:43,206 INFO: 查看详情
2024-04-08 14:20:45,218 INFO: 需要学习的课程：10
2024-04-08 14:20:48,746 INFO: 视频页面知道了
2024-04-08 14:20:49,298 INFO: 获取课程列表
2024-04-08 14:20:50,320 INFO: 立即学习按钮集合：15
2024-04-08 14:20:50,320 INFO: 移除后的学习按钮集合：14
2024-04-08 14:20:50,329 INFO: 
2024-04-08 14:20:50,344 INFO: 
2024-04-08 14:20:50,356 INFO: 
2024-04-08 14:20:50,366 INFO: 
2024-04-08 14:20:50,378 INFO: 
2024-04-08 14:20:50,390 INFO: 0%
2024-04-08 14:20:50,399 INFO: 第5节
2024-04-08 14:21:07,170 INFO: Message: no such window: target window already closed
from unknown error: web view not found
  (Session info: chrome=123.0.6312.106)
Stacktrace:
	GetHandleVerifier [0x00007FF7ED4970C2+63090]
	(No symbol) [0x00007FF7ED402D12]
	(No symbol) [0x00007FF7ED29EC65]
	(No symbol) [0x00007FF7ED27CA7C]
	(No symbol) [0x00007FF7ED30D687]
	(No symbol) [0x00007FF7ED322AC1]
	(No symbol) [0x00007FF7ED306D83]
	(No symbol) [0x00007FF7ED2D83A8]
	(No symbol) [0x00007FF7ED2D9441]
	GetHandleVerifier [0x00007FF7ED89262D+4238301]
	GetHandleVerifier [0x00007FF7ED8CF78D+4488509]
	GetHandleVerifier [0x00007FF7ED8C7A6F+4456479]
	GetHandleVerifier [0x00007FF7ED570606+953270]
	(No symbol) [0x00007FF7ED40E5DF]
	(No symbol) [0x00007FF7ED4092B4]
	(No symbol) [0x00007FF7ED4093EB]
	(No symbol) [0x00007FF7ED3F9C24]
	BaseThreadInitThunk [0x00007FFAEA1F257D+29]
	RtlUserThreadStart [0x00007FFAEC12AA58+40]

2024-04-08 14:27:33,701 INFO: 点击知道了
2024-04-08 14:27:34,777 INFO: 点击首页登录
2024-04-08 14:27:34,911 INFO: 开始登录
2024-04-08 14:27:34,957 INFO: 个人中心
2024-04-08 14:27:40,178 INFO: 进行中
2024-04-08 14:27:40,754 INFO: 查看详情
2024-04-08 14:27:42,780 INFO: 需要学习的课程：10
2024-04-08 14:27:46,314 INFO: 视频页面知道了
2024-04-08 14:27:46,854 INFO: 获取课程列表
2024-04-08 14:27:47,886 INFO: 立即学习按钮集合：15
2024-04-08 14:27:47,886 INFO: 移除后的学习按钮集合：14
2024-04-08 14:27:47,897 INFO: 
2024-04-08 14:27:47,910 INFO: 
2024-04-08 14:27:47,920 INFO: 
2024-04-08 14:27:47,931 INFO: 
2024-04-08 14:27:47,941 INFO: 
2024-04-08 14:27:47,953 INFO: 0%
2024-04-08 14:27:47,963 INFO: 第5节
2024-04-08 15:13:27,889 INFO: Message: no such window: target window already closed
from unknown error: web view not found
  (Session info: chrome=123.0.6312.106)
Stacktrace:
	GetHandleVerifier [0x00007FF7ED4970C2+63090]
	(No symbol) [0x00007FF7ED402D12]
	(No symbol) [0x00007FF7ED29EC65]
	(No symbol) [0x00007FF7ED27CA7C]
	(No symbol) [0x00007FF7ED30D687]
	(No symbol) [0x00007FF7ED322AC1]
	(No symbol) [0x00007FF7ED306D83]
	(No symbol) [0x00007FF7ED2D83A8]
	(No symbol) [0x00007FF7ED2D9441]
	GetHandleVerifier [0x00007FF7ED89262D+4238301]
	GetHandleVerifier [0x00007FF7ED8CF78D+4488509]
	GetHandleVerifier [0x00007FF7ED8C7A6F+4456479]
	GetHandleVerifier [0x00007FF7ED570606+953270]
	(No symbol) [0x00007FF7ED40E5DF]
	(No symbol) [0x00007FF7ED4092B4]
	(No symbol) [0x00007FF7ED4093EB]
	(No symbol) [0x00007FF7ED3F9C24]
	BaseThreadInitThunk [0x00007FFAEA1F257D+29]
	RtlUserThreadStart [0x00007FFAEC12AA58+40]

2024-04-08 15:13:54,772 INFO: 点击知道了
2024-04-08 15:13:55,857 INFO: 点击首页登录
2024-04-08 15:13:55,987 INFO: 开始登录
2024-04-08 15:13:56,028 INFO: 个人中心
2024-04-08 15:14:00,658 INFO: 进行中
2024-04-08 15:14:01,216 INFO: 查看详情
2024-04-08 15:14:03,229 INFO: 需要学习的课程：10
2024-04-08 15:14:07,094 INFO: 视频页面知道了
2024-04-08 15:14:07,667 INFO: 获取课程列表
2024-04-08 15:14:08,695 INFO: 立即学习按钮集合：15
2024-04-08 15:14:08,695 INFO: 移除后的学习按钮集合：14
2024-04-08 15:14:08,705 INFO: 
2024-04-08 15:14:08,718 INFO: 
2024-04-08 15:14:08,728 INFO: 
2024-04-08 15:14:08,741 INFO: 
2024-04-08 15:14:08,757 INFO: 
2024-04-08 15:14:08,769 INFO: 25%
2024-04-08 15:14:08,779 INFO: 第5节
2024-04-08 16:17:28,818 INFO: 0%
2024-04-08 16:17:28,827 INFO: 第6节
2024-04-08 16:17:28,830 INFO: Message: stale element reference: stale element not found
  (Session info: chrome=123.0.6312.106)
Stacktrace:
	GetHandleVerifier [0x00007FF7ED4970C2+63090]
	(No symbol) [0x00007FF7ED402D12]
	(No symbol) [0x00007FF7ED29EC65]
	(No symbol) [0x00007FF7ED2AE78B]
	(No symbol) [0x00007FF7ED2AEFEA]
	(No symbol) [0x00007FF7ED2A4B29]
	(No symbol) [0x00007FF7ED2A2D3A]
	(No symbol) [0x00007FF7ED2A6159]
	(No symbol) [0x00007FF7ED2A6200]
	(No symbol) [0x00007FF7ED2E67B5]
	(No symbol) [0x00007FF7ED2DA496]
	(No symbol) [0x00007FF7ED306FDA]
	(No symbol) [0x00007FF7ED2DA00A]
	(No symbol) [0x00007FF7ED3071F0]
	(No symbol) [0x00007FF7ED323412]
	(No symbol) [0x00007FF7ED306D83]
	(No symbol) [0x00007FF7ED2D83A8]
	(No symbol) [0x00007FF7ED2D9441]
	GetHandleVerifier [0x00007FF7ED89262D+4238301]
	GetHandleVerifier [0x00007FF7ED8CF78D+4488509]
	GetHandleVerifier [0x00007FF7ED8C7A6F+4456479]
	GetHandleVerifier [0x00007FF7ED570606+953270]
	(No symbol) [0x00007FF7ED40E5DF]
	(No symbol) [0x00007FF7ED4092B4]
	(No symbol) [0x00007FF7ED4093EB]
	(No symbol) [0x00007FF7ED3F9C24]
	BaseThreadInitThunk [0x00007FFAEA1F257D+29]
	RtlUserThreadStart [0x00007FFAEC12AA58+40]

2024-04-08 16:26:48,434 INFO: 点击知道了
2024-04-08 16:26:49,612 INFO: 点击首页登录
2024-04-08 16:26:49,721 INFO: 开始登录
2024-04-08 16:26:49,752 INFO: 个人中心
2024-04-08 16:26:51,146 INFO: 进行中
2024-04-08 16:26:51,712 INFO: 查看详情
2024-04-08 16:26:53,727 INFO: 需要学习的课程：10
2024-04-08 16:26:54,102 INFO: 视频页面知道了
2024-04-08 16:26:54,698 INFO: 获取课程列表
2024-04-08 16:26:55,723 INFO: 立即学习按钮集合：15
2024-04-08 16:26:55,723 INFO: 移除后的学习按钮集合：14
2024-04-08 16:26:55,734 INFO: 
2024-04-08 16:26:55,750 INFO: 
2024-04-08 16:26:55,768 INFO: 
2024-04-08 16:26:55,784 INFO: 
2024-04-08 16:26:55,800 INFO: 
2024-04-08 16:26:55,815 INFO: 
2024-04-08 16:26:55,830 INFO: 0%
2024-04-08 16:26:55,840 INFO: 第6节
2024-04-08 16:30:13,680 INFO: 点击知道了
2024-04-08 16:30:14,767 INFO: 点击首页登录
2024-04-08 16:30:14,886 INFO: 开始登录
2024-04-08 16:30:14,919 INFO: 个人中心
2024-04-08 16:30:19,780 INFO: 进行中
2024-04-08 16:30:20,350 INFO: 查看详情
2024-04-08 16:30:22,369 INFO: 需要学习的课程：10
2024-04-08 16:30:26,156 INFO: 视频页面知道了
2024-04-08 16:30:26,699 INFO: 获取课程列表
2024-04-08 16:30:27,736 INFO: 立即学习按钮集合：15
2024-04-08 16:30:27,737 INFO: 移除后的学习按钮集合：14
2024-04-08 16:30:27,751 INFO: 
2024-04-08 16:30:27,770 INFO: 
2024-04-08 16:30:27,786 INFO: 
2024-04-08 16:30:27,801 INFO: 
2024-04-08 16:30:27,816 INFO: 
2024-04-08 16:30:27,832 INFO: 
2024-04-08 16:30:27,849 INFO: 0%
2024-04-08 16:30:27,860 INFO: 第6节
2024-04-08 16:30:58,768 INFO: Message: no such window: target window already closed
from unknown error: web view not found
  (Session info: chrome=123.0.6312.106)
Stacktrace:
	GetHandleVerifier [0x00007FF7ED4970C2+63090]
	(No symbol) [0x00007FF7ED402D12]
	(No symbol) [0x00007FF7ED29EC65]
	(No symbol) [0x00007FF7ED27CA7C]
	(No symbol) [0x00007FF7ED30D687]
	(No symbol) [0x00007FF7ED322AC1]
	(No symbol) [0x00007FF7ED306D83]
	(No symbol) [0x00007FF7ED2D83A8]
	(No symbol) [0x00007FF7ED2D9441]
	GetHandleVerifier [0x00007FF7ED89262D+4238301]
	GetHandleVerifier [0x00007FF7ED8CF78D+4488509]
	GetHandleVerifier [0x00007FF7ED8C7A6F+4456479]
	GetHandleVerifier [0x00007FF7ED570606+953270]
	(No symbol) [0x00007FF7ED40E5DF]
	(No symbol) [0x00007FF7ED4092B4]
	(No symbol) [0x00007FF7ED4093EB]
	(No symbol) [0x00007FF7ED3F9C24]
	BaseThreadInitThunk [0x00007FFAEA1F257D+29]
	RtlUserThreadStart [0x00007FFAEC12AA58+40]

2024-04-08 16:31:23,884 INFO: 点击知道了
2024-04-08 16:31:24,970 INFO: 点击首页登录
2024-04-08 16:31:25,100 INFO: 开始登录
2024-04-08 16:31:25,136 INFO: 个人中心
2024-04-08 16:31:28,919 INFO: 进行中
2024-04-08 16:31:29,497 INFO: 查看详情
2024-04-08 16:31:31,507 INFO: 需要学习的课程：10
2024-04-08 16:31:34,898 INFO: 视频页面知道了
2024-04-08 16:31:35,441 INFO: 获取课程列表
2024-04-08 16:31:36,472 INFO: 立即学习按钮集合：15
2024-04-08 16:31:36,472 INFO: 移除后的学习按钮集合：14
2024-04-08 16:31:36,483 INFO: 
2024-04-08 16:31:36,501 INFO: 
2024-04-08 16:31:36,515 INFO: 
2024-04-08 16:31:36,531 INFO: 
2024-04-08 16:31:36,546 INFO: 
2024-04-08 16:31:36,560 INFO: 
2024-04-08 16:31:36,576 INFO: 0%
2024-04-08 16:31:36,585 INFO: 第6节
2024-04-08 16:31:48,440 INFO: Message: no such window: target window already closed
from unknown error: web view not found
  (Session info: chrome=123.0.6312.106)
Stacktrace:
	GetHandleVerifier [0x00007FF7ED4970C2+63090]
	(No symbol) [0x00007FF7ED402D12]
	(No symbol) [0x00007FF7ED29EC65]
	(No symbol) [0x00007FF7ED27CA7C]
	(No symbol) [0x00007FF7ED30D687]
	(No symbol) [0x00007FF7ED322AC1]
	(No symbol) [0x00007FF7ED306D83]
	(No symbol) [0x00007FF7ED2D83A8]
	(No symbol) [0x00007FF7ED2D9441]
	GetHandleVerifier [0x00007FF7ED89262D+4238301]
	GetHandleVerifier [0x00007FF7ED8CF78D+4488509]
	GetHandleVerifier [0x00007FF7ED8C7A6F+4456479]
	GetHandleVerifier [0x00007FF7ED570606+953270]
	(No symbol) [0x00007FF7ED40E5DF]
	(No symbol) [0x00007FF7ED4092B4]
	(No symbol) [0x00007FF7ED4093EB]
	(No symbol) [0x00007FF7ED3F9C24]
	BaseThreadInitThunk [0x00007FFAEA1F257D+29]
	RtlUserThreadStart [0x00007FFAEC12AA58+40]

2024-04-08 16:38:14,747 INFO: 点击知道了
2024-04-08 16:38:15,837 INFO: 点击首页登录
2024-04-08 16:38:15,951 INFO: 开始登录
2024-04-08 16:38:15,985 INFO: 个人中心
2024-04-08 16:38:19,991 INFO: 进行中
2024-04-08 16:38:20,551 INFO: 查看详情
2024-04-08 16:38:22,562 INFO: 需要学习的课程：10
2024-04-08 16:38:25,371 INFO: 视频页面知道了
2024-04-08 16:38:25,914 INFO: 获取课程列表
2024-04-08 16:38:26,938 INFO: 立即学习按钮集合：15
2024-04-08 16:38:26,938 INFO: 移除后的学习按钮集合：14
2024-04-08 16:38:26,947 INFO: 
2024-04-08 16:38:26,964 INFO: 
2024-04-08 16:38:26,981 INFO: 
2024-04-08 16:38:26,997 INFO: 
2024-04-08 16:38:27,012 INFO: 
2024-04-08 16:38:27,030 INFO: 
2024-04-08 16:38:27,046 INFO: 
2024-04-08 16:38:27,062 INFO: 0%
2024-04-08 16:38:27,073 INFO: 第7节
2024-04-08 16:38:57,103 INFO: Message: no such window: target window already closed
from unknown error: web view not found
  (Session info: chrome=123.0.6312.106)
Stacktrace:
	GetHandleVerifier [0x00007FF7ED4970C2+63090]
	(No symbol) [0x00007FF7ED402D12]
	(No symbol) [0x00007FF7ED29EC65]
	(No symbol) [0x00007FF7ED27CA7C]
	(No symbol) [0x00007FF7ED30D687]
	(No symbol) [0x00007FF7ED322AC1]
	(No symbol) [0x00007FF7ED306D83]
	(No symbol) [0x00007FF7ED2D83A8]
	(No symbol) [0x00007FF7ED2D9441]
	GetHandleVerifier [0x00007FF7ED89262D+4238301]
	GetHandleVerifier [0x00007FF7ED8CF78D+4488509]
	GetHandleVerifier [0x00007FF7ED8C7A6F+4456479]
	GetHandleVerifier [0x00007FF7ED570606+953270]
	(No symbol) [0x00007FF7ED40E5DF]
	(No symbol) [0x00007FF7ED4092B4]
	(No symbol) [0x00007FF7ED4093EB]
	(No symbol) [0x00007FF7ED3F9C24]
	BaseThreadInitThunk [0x00007FFAEA1F257D+29]
	RtlUserThreadStart [0x00007FFAEC12AA58+40]

2024-04-08 16:44:04,799 INFO: 点击知道了
2024-04-08 16:44:05,885 INFO: 点击首页登录
2024-04-08 16:44:05,998 INFO: 开始登录
2024-04-08 16:44:06,035 INFO: 个人中心
2024-04-08 16:44:09,755 INFO: 进行中
2024-04-08 16:44:10,320 INFO: 查看详情
2024-04-08 16:44:12,340 INFO: 需要学习的课程：10
2024-04-08 16:44:14,959 INFO: 视频页面知道了
2024-04-08 16:44:15,509 INFO: 获取课程列表
2024-04-08 16:44:16,535 INFO: 立即学习按钮集合：15
2024-04-08 16:44:16,535 INFO: 移除后的学习按钮集合：14
2024-04-08 16:44:16,544 INFO: 
2024-04-08 16:44:16,564 INFO: 
2024-04-08 16:44:16,579 INFO: 
2024-04-08 16:44:16,596 INFO: 
2024-04-08 16:44:16,611 INFO: 
2024-04-08 16:44:16,627 INFO: 
2024-04-08 16:44:16,643 INFO: 
2024-04-08 16:44:16,661 INFO: 75%
2024-04-08 16:44:16,671 INFO: 第7节
2024-04-08 16:58:00,359 INFO: 0%
2024-04-08 16:58:00,371 INFO: 第8节
2024-04-08 16:58:12,944 INFO: Message: 
Stacktrace:
	GetHandleVerifier [0x00007FF7ED4970C2+63090]
	(No symbol) [0x00007FF7ED402D12]
	(No symbol) [0x00007FF7ED29EC65]
	(No symbol) [0x00007FF7ED2E499D]
	(No symbol) [0x00007FF7ED2E4ADC]
	(No symbol) [0x00007FF7ED325B37]
	(No symbol) [0x00007FF7ED30701F]
	(No symbol) [0x00007FF7ED323412]
	(No symbol) [0x00007FF7ED306D83]
	(No symbol) [0x00007FF7ED2D83A8]
	(No symbol) [0x00007FF7ED2D9441]
	GetHandleVerifier [0x00007FF7ED89262D+4238301]
	GetHandleVerifier [0x00007FF7ED8CF78D+4488509]
	GetHandleVerifier [0x00007FF7ED8C7A6F+4456479]
	GetHandleVerifier [0x00007FF7ED570606+953270]
	(No symbol) [0x00007FF7ED40E5DF]
	(No symbol) [0x00007FF7ED4092B4]
	(No symbol) [0x00007FF7ED4093EB]
	(No symbol) [0x00007FF7ED3F9C24]
	BaseThreadInitThunk [0x00007FFAEA1F257D+29]
	RtlUserThreadStart [0x00007FFAEC12AA58+40]

2024-04-08 17:00:35,453 INFO: 点击知道了
2024-04-08 17:00:36,538 INFO: 点击首页登录
2024-04-08 17:00:36,657 INFO: 开始登录
2024-04-08 17:00:36,691 INFO: 个人中心
2024-04-08 17:00:40,687 INFO: 进行中
2024-04-08 17:00:41,254 INFO: 查看详情
2024-04-08 17:00:43,271 INFO: 需要学习的课程：10
2024-04-08 17:00:45,928 INFO: 视频页面知道了
2024-04-08 17:00:46,480 INFO: 获取课程列表
2024-04-08 17:00:47,508 INFO: 立即学习按钮集合：15
2024-04-08 17:00:47,508 INFO: 移除后的学习按钮集合：14
2024-04-08 17:00:47,518 INFO: 
2024-04-08 17:00:47,537 INFO: 
2024-04-08 17:00:47,554 INFO: 
2024-04-08 17:00:47,568 INFO: 
2024-04-08 17:00:47,583 INFO: 
2024-04-08 17:00:47,598 INFO: 
2024-04-08 17:00:47,613 INFO: 
2024-04-08 17:00:47,628 INFO: 
2024-04-08 17:00:47,643 INFO: 0%
2024-04-08 17:00:47,654 INFO: 第8节
2024-04-08 17:04:36,224 INFO: Message: no such window: target window already closed
from unknown error: web view not found
  (Session info: chrome=123.0.6312.106)
Stacktrace:
	GetHandleVerifier [0x00007FF7ED4970C2+63090]
	(No symbol) [0x00007FF7ED402D12]
	(No symbol) [0x00007FF7ED29EC65]
	(No symbol) [0x00007FF7ED27CA7C]
	(No symbol) [0x00007FF7ED30D687]
	(No symbol) [0x00007FF7ED322AC1]
	(No symbol) [0x00007FF7ED306D83]
	(No symbol) [0x00007FF7ED2D83A8]
	(No symbol) [0x00007FF7ED2D9441]
	GetHandleVerifier [0x00007FF7ED89262D+4238301]
	GetHandleVerifier [0x00007FF7ED8CF78D+4488509]
	GetHandleVerifier [0x00007FF7ED8C7A6F+4456479]
	GetHandleVerifier [0x00007FF7ED570606+953270]
	(No symbol) [0x00007FF7ED40E5DF]
	(No symbol) [0x00007FF7ED4092B4]
	(No symbol) [0x00007FF7ED4093EB]
	(No symbol) [0x00007FF7ED3F9C24]
	BaseThreadInitThunk [0x00007FFAEA1F257D+29]
	RtlUserThreadStart [0x00007FFAEC12AA58+40]

